<?xml version="1.0" encoding="UTF-8" ?>
<testsuite errors="0" failures="0" hostname="christian" name="testPilaVacia" skipped="0" tests="3" time="0.117" timestamp="2020-01-27T19:39:17">
  <properties>
[...]
</properties>
  <testcase classname="testPilaVacia" name="testPilaVacia" time="0.002" />
  <testcase classname="testPilaVacia" name="testPilaPop" time="0.001" />
  <testcase classname="testPilaVacia" name="testPilaTop" time="0.001" />
  <system-out><![CDATA[La pila está vacía
]]></system-out>
  <system-err><![CDATA[]]></system-err>
</testsuite>
